<?xml version="1.0" encoding="UTF-8"?>
<testng-results skipped="0" failed="0" total="1" passed="1">
  <reporter-output>
  </reporter-output>
  <suite name="com.javacodegeeks.testng.maven.TestNgMavenExampleTest" duration-ms="17" started-at="2016-10-09T21:26:40Z" finished-at="2016-10-09T21:26:40Z">
    <groups>
    </groups>
    <test name="Command line test" duration-ms="17" started-at="2016-10-09T21:26:40Z" finished-at="2016-10-09T21:26:40Z">
      <class name="com.javacodegeeks.testng.maven.TestNgMavenExampleTest">
        <test-method status="PASS" signature="exampleOfTestNgMaven()[pri:0, instance:com.javacodegeeks.testng.maven.TestNgMavenExampleTest@7d417077]" name="exampleOfTestNgMaven" duration-ms="6" started-at="2016-10-09T23:26:40Z" finished-at="2016-10-09T23:26:40Z">
          <reporter-output>
          </reporter-output>
        </test-method> <!-- exampleOfTestNgMaven -->
      </class> <!-- com.javacodegeeks.testng.maven.TestNgMavenExampleTest -->
    </test> <!-- Command line test -->
  </suite> <!-- com.javacodegeeks.testng.maven.TestNgMavenExampleTest -->
</testng-results>
