<?xml version="1.0" encoding="UTF-8"?>
<testng-results skipped="0" failed="0" total="1" passed="1">
  <reporter-output>
  </reporter-output>
  <suite name="Default suite" duration-ms="26" started-at="2016-10-09T21:32:13Z" finished-at="2016-10-09T21:32:13Z">
    <groups>
    </groups>
    <test name="Default test" duration-ms="26" started-at="2016-10-09T21:32:13Z" finished-at="2016-10-09T21:32:13Z">
      <class name="com.javacodegeeks.testng.maven.NewTest">
        <test-method status="PASS" signature="exampleOfTestNgMaven()[pri:0, instance:com.javacodegeeks.testng.maven.NewTest@97e1986]" name="exampleOfTestNgMaven" duration-ms="11" started-at="2016-10-09T23:32:13Z" finished-at="2016-10-09T23:32:13Z">
          <reporter-output>
          </reporter-output>
        </test-method> <!-- exampleOfTestNgMaven -->
      </class> <!-- com.javacodegeeks.testng.maven.NewTest -->
    </test> <!-- Default test -->
  </suite> <!-- Default suite -->
</testng-results>
